<?xml version="1.0" encoding="UTF-8"?>
<!-- Generated by org.testng.reporters.JUnitXMLReporter -->
<testsuite ignored="0" hostname="LIN80025073" failures="0" tests="8" name="Default test" time="18.407" errors="0" timestamp="2024-02-08T15:31:17 IST">
  <testcase classname="api.test.DDTests" name="testPostuser" time="4.438"/>
  <testcase classname="api.test.DDTests" name="testPostuser" time="1.314"/>
  <testcase classname="api.test.DDTests" name="testPostuser" time="1.262"/>
  <testcase classname="api.test.DDTests" name="testPostuser" time="1.249"/>
  <testcase classname="api.test.DDTests" name="testDeleteUser" time="1.265"/>
  <testcase classname="api.test.DDTests" name="testDeleteUser" time="1.935"/>
  <testcase classname="api.test.DDTests" name="testDeleteUser" time="1.867"/>
  <testcase classname="api.test.DDTests" name="testDeleteUser" time="2.261"/>
</testsuite> <!-- Default test -->
