<?xml version="1.0" encoding="UTF-8"?>
<!-- Generated by org.testng.reporters.JUnitXMLReporter -->
<testsuite ignored="0" hostname="LIN80025073" failures="0" tests="4" name="Test" time="11.968" errors="0" timestamp="2024-02-09T14:23:28 IST">
  <testcase classname="api.test.userTests2" name="testCreate" time="4.854"/>
  <testcase classname="api.test.userTests2" name="testGet" time="1.357"/>
  <testcase classname="api.test.userTests2" name="testUpdate" time="1.356"/>
  <testcase classname="api.test.userTests2" name="testDelete" time="2.424"/>
</testsuite> <!-- Test -->
