<?xml version="1.0" encoding="UTF-8"?>
<!-- Generated by org.testng.reporters.JUnitXMLReporter -->
<testsuite ignored="0" hostname="LIN80025073" failures="0" tests="4" name="Test" time="11.275" errors="0" timestamp="2024-05-28T09:35:24 IST">
  <testcase classname="api.test.userTests2" name="testCreate" time="4.703"/>
  <testcase classname="api.test.userTests2" name="testGet" time="1.369"/>
  <testcase classname="api.test.userTests2" name="testUpdate" time="1.399"/>
  <testcase classname="api.test.userTests2" name="testDelete" time="1.314"/>
</testsuite> <!-- Test -->
