<?xml version="1.0" encoding="UTF-8"?>
<!-- Generated by org.testng.reporters.JUnitXMLReporter -->
<testsuite ignored="0" hostname="LIN80025073" failures="0" tests="4" name="Test" time="11.65" errors="0" timestamp="2024-02-09T15:14:02 IST">
  <testcase classname="api.test.userTests2" name="testCreate" time="4.859"/>
  <testcase classname="api.test.userTests2" name="testGet" time="1.492"/>
  <testcase classname="api.test.userTests2" name="testUpdate" time="2.048"/>
  <testcase classname="api.test.userTests2" name="testDelete" time="1.407"/>
</testsuite> <!-- Test -->
