<?xml version="1.0" encoding="UTF-8"?>
<testng-results ignored="0" total="4" passed="4" failed="0" skipped="0">
  <reporter-output>
  </reporter-output>
  <suite started-at="2024-02-09T15:13:50 IST" name="Suite" finished-at="2024-02-09T15:14:02 IST" duration-ms="11650">
    <groups>
    </groups>
    <test started-at="2024-02-09T15:13:50 IST" name="Test" finished-at="2024-02-09T15:14:02 IST" duration-ms="11650">
      <class name="api.test.userTests2">
        <test-method is-config="true" signature="payloadData()[pri:0, instance:api.test.userTests2@1b11171f]" started-at="2024-02-09T15:13:50 IST" name="payloadData" finished-at="2024-02-09T15:13:52 IST" duration-ms="1288" status="PASS">
          <reporter-output>
          </reporter-output>
        </test-method> <!-- payloadData -->
        <test-method signature="testCreate()[pri:1, instance:api.test.userTests2@1b11171f]" started-at="2024-02-09T15:13:52 IST" name="testCreate" finished-at="2024-02-09T15:13:57 IST" duration-ms="4859" status="PASS">
          <reporter-output>
          </reporter-output>
        </test-method> <!-- testCreate -->
        <test-method signature="testGet()[pri:2, instance:api.test.userTests2@1b11171f]" started-at="2024-02-09T15:13:57 IST" name="testGet" finished-at="2024-02-09T15:13:58 IST" duration-ms="1492" status="PASS">
          <reporter-output>
          </reporter-output>
        </test-method> <!-- testGet -->
        <test-method signature="testUpdate()[pri:3, instance:api.test.userTests2@1b11171f]" started-at="2024-02-09T15:13:58 IST" name="testUpdate" finished-at="2024-02-09T15:14:00 IST" duration-ms="2048" status="PASS">
          <reporter-output>
          </reporter-output>
        </test-method> <!-- testUpdate -->
        <test-method signature="testDelete()[pri:4, instance:api.test.userTests2@1b11171f]" started-at="2024-02-09T15:14:00 IST" name="testDelete" finished-at="2024-02-09T15:14:02 IST" duration-ms="1407" status="PASS">
          <reporter-output>
          </reporter-output>
        </test-method> <!-- testDelete -->
      </class> <!-- api.test.userTests2 -->
    </test> <!-- Test -->
  </suite> <!-- Suite -->
</testng-results>
