<?xml version="1.0" encoding="UTF-8"?>
<testng-results ignored="0" total="4" passed="4" failed="0" skipped="0">
  <reporter-output>
  </reporter-output>
  <suite started-at="2024-02-09T14:23:15 IST" name="Suite" finished-at="2024-02-09T14:23:27 IST" duration-ms="11968">
    <groups>
    </groups>
    <test started-at="2024-02-09T14:23:15 IST" name="Test" finished-at="2024-02-09T14:23:27 IST" duration-ms="11968">
      <class name="api.test.userTests2">
        <test-method is-config="true" signature="payloadData()[pri:0, instance:api.test.userTests2@1ffaf86]" started-at="2024-02-09T14:23:16 IST" name="payloadData" finished-at="2024-02-09T14:23:17 IST" duration-ms="1437" status="PASS">
          <reporter-output>
          </reporter-output>
        </test-method> <!-- payloadData -->
        <test-method signature="testCreate()[pri:1, instance:api.test.userTests2@1ffaf86]" started-at="2024-02-09T14:23:17 IST" name="testCreate" finished-at="2024-02-09T14:23:22 IST" duration-ms="4854" status="PASS">
          <reporter-output>
          </reporter-output>
        </test-method> <!-- testCreate -->
        <test-method signature="testGet()[pri:2, instance:api.test.userTests2@1ffaf86]" started-at="2024-02-09T14:23:22 IST" name="testGet" finished-at="2024-02-09T14:23:23 IST" duration-ms="1357" status="PASS">
          <reporter-output>
          </reporter-output>
        </test-method> <!-- testGet -->
        <test-method signature="testUpdate()[pri:3, instance:api.test.userTests2@1ffaf86]" started-at="2024-02-09T14:23:23 IST" name="testUpdate" finished-at="2024-02-09T14:23:25 IST" duration-ms="1356" status="PASS">
          <reporter-output>
          </reporter-output>
        </test-method> <!-- testUpdate -->
        <test-method signature="testDelete()[pri:4, instance:api.test.userTests2@1ffaf86]" started-at="2024-02-09T14:23:25 IST" name="testDelete" finished-at="2024-02-09T14:23:27 IST" duration-ms="2424" status="PASS">
          <reporter-output>
          </reporter-output>
        </test-method> <!-- testDelete -->
      </class> <!-- api.test.userTests2 -->
    </test> <!-- Test -->
  </suite> <!-- Suite -->
</testng-results>
