<?xml version="1.0" encoding="UTF-8"?>
<testng-results ignored="0" total="4" passed="4" failed="0" skipped="0">
  <reporter-output>
  </reporter-output>
  <suite started-at="2024-05-28T09:35:12 IST" name="Suite" finished-at="2024-05-28T09:35:23 IST" duration-ms="11275">
    <groups>
    </groups>
    <test started-at="2024-05-28T09:35:12 IST" name="Test" finished-at="2024-05-28T09:35:23 IST" duration-ms="11275">
      <class name="api.test.userTests2">
        <test-method is-config="true" signature="payloadData()[pri:0, instance:api.test.userTests2@1ffaf86]" started-at="2024-05-28T09:35:12 IST" name="payloadData" finished-at="2024-05-28T09:35:14 IST" duration-ms="1727" status="PASS">
          <reporter-output>
          </reporter-output>
        </test-method> <!-- payloadData -->
        <test-method signature="testCreate()[pri:1, instance:api.test.userTests2@1ffaf86]" started-at="2024-05-28T09:35:14 IST" name="testCreate" finished-at="2024-05-28T09:35:19 IST" duration-ms="4703" status="PASS">
          <reporter-output>
          </reporter-output>
        </test-method> <!-- testCreate -->
        <test-method signature="testGet()[pri:2, instance:api.test.userTests2@1ffaf86]" started-at="2024-05-28T09:35:19 IST" name="testGet" finished-at="2024-05-28T09:35:20 IST" duration-ms="1369" status="PASS">
          <reporter-output>
          </reporter-output>
        </test-method> <!-- testGet -->
        <test-method signature="testUpdate()[pri:3, instance:api.test.userTests2@1ffaf86]" started-at="2024-05-28T09:35:20 IST" name="testUpdate" finished-at="2024-05-28T09:35:22 IST" duration-ms="1399" status="PASS">
          <reporter-output>
          </reporter-output>
        </test-method> <!-- testUpdate -->
        <test-method signature="testDelete()[pri:4, instance:api.test.userTests2@1ffaf86]" started-at="2024-05-28T09:35:22 IST" name="testDelete" finished-at="2024-05-28T09:35:23 IST" duration-ms="1314" status="PASS">
          <reporter-output>
          </reporter-output>
        </test-method> <!-- testDelete -->
      </class> <!-- api.test.userTests2 -->
    </test> <!-- Test -->
  </suite> <!-- Suite -->
</testng-results>
